2021-11-01 16:14:32 INFO run.py:219 GNS3 server version 2.2.26
2021-11-01 16:14:32 INFO run.py:221 Copyright (c) 2007-2021 GNS3 Technologies Inc.
2021-11-01 16:14:32 INFO run.py:224 Config file /Users/gazafran/.config/GNS3/2.2/gns3_server.conf loaded
2021-11-01 16:14:32 WARNING run.py:230 Local mode is enabled. Beware, clients will have full control on your filesystem
2021-11-01 16:14:32 INFO run.py:237 HTTP authentication is enabled with username 'admin'
2021-11-01 16:14:32 INFO run.py:244 Running with Python 3.7.4 and has PID 66647
2021-11-01 16:14:32 WARNING __init__.py:366 Config disk: image 'config.img' missing
2021-11-01 16:14:32 INFO web_server.py:318 Starting server on localhost:3080
2021-11-01 16:14:32 INFO __init__.py:63 Load controller configuration file /Users/gazafran/.config/GNS3/2.2/gns3_controller.conf
2021-11-01 16:14:32 INFO __init__.py:67 Controller is starting
2021-11-01 16:14:32 INFO compute.py:64 Create compute local
2021-11-01 16:14:32 INFO compute.py:364 Connecting to compute 'local'
2021-11-01 16:14:32 INFO web_log.py:206 127.0.0.1 [01/Nov/2021:09:14:32 +0000] "GET /v2/compute/capabilities HTTP/1.1" 200 520 "-" "Python/3.7 aiohttp/3.7.4.post0"
2021-11-01 16:14:32 INFO notification_handler.py:50 New client has connected to compute WebSocket
2021-11-01 16:14:32 INFO compute.py:434 Connected to compute 'local' WebSocket 'http://localhost:3080/v2/compute/notifications/ws'
2021-11-01 16:14:32 INFO web_log.py:206 ::1 [01/Nov/2021:09:14:32 +0000] "GET /v2/version HTTP/1.1" 200 227 "-" "GNS3 QT Client v2.2.26"
2021-11-01 16:14:32 INFO web_log.py:206 ::1 [01/Nov/2021:09:14:32 +0000] "GET /v2/version HTTP/1.1" 200 227 "-" "GNS3 QT Client v2.2.26"
2021-11-01 16:14:32 INFO notification_handler.py:73 New client has connected to controller WebSocket
2021-11-01 16:14:32 INFO web_log.py:206 ::1 [01/Nov/2021:09:14:32 +0000] "GET /v2/version HTTP/1.1" 200 227 "-" "GNS3 QT Client v2.2.26"
2021-11-01 16:14:32 INFO notification_handler.py:82 Client has disconnected from controller WebSocket
2021-11-01 16:14:32 INFO web_log.py:206 ::1 [01/Nov/2021:09:14:32 +0000] "GET /v2/version HTTP/1.1" 200 227 "-" "GNS3 QT Client v2.2.26"
2021-11-01 16:14:32 INFO web_log.py:206 ::1 [01/Nov/2021:09:14:32 +0000] "GET /v2/templates HTTP/1.1" 200 2501 "-" "GNS3 QT Client v2.2.26"
2021-11-01 16:14:32 INFO web_log.py:206 ::1 [01/Nov/2021:09:14:32 +0000] "GET /v2/computes HTTP/1.1" 200 992 "-" "GNS3 QT Client v2.2.26"
2021-11-01 16:14:32 INFO web_log.py:206 ::1 [01/Nov/2021:09:14:32 +0000] "GET /v2/projects HTTP/1.1" 200 183 "-" "GNS3 QT Client v2.2.26"
2021-11-01 16:14:32 INFO notification_handler.py:73 New client has connected to controller WebSocket
2021-11-01 16:14:32 INFO web_log.py:206 ::1 [01/Nov/2021:09:14:32 +0000] "GET /v2/templates HTTP/1.1" 200 2501 "-" "GNS3 QT Client v2.2.26"
2021-11-01 16:14:32 INFO web_log.py:206 ::1 [01/Nov/2021:09:14:32 +0000] "GET /v2/computes HTTP/1.1" 200 992 "-" "GNS3 QT Client v2.2.26"
2021-11-01 16:14:32 INFO web_log.py:206 ::1 [01/Nov/2021:09:14:32 +0000] "GET /v2/projects HTTP/1.1" 200 183 "-" "GNS3 QT Client v2.2.26"
2021-11-01 16:14:32 INFO web_log.py:206 ::1 [01/Nov/2021:09:14:32 +0000] "GET /v2/gns3vm HTTP/1.1" 200 377 "-" "GNS3 QT Client v2.2.26"
2021-11-01 16:14:58 INFO web_log.py:206 ::1 [01/Nov/2021:09:14:58 +0000] "GET /v2/version HTTP/1.1" 200 227 "-" "GNS3 QT Client v2.2.26"
2021-11-01 16:14:58 INFO web_log.py:206 ::1 [01/Nov/2021:09:14:58 +0000] "GET /v2/templates HTTP/1.1" 200 2501 "-" "GNS3 QT Client v2.2.26"
2021-11-01 16:14:58 INFO web_log.py:206 ::1 [01/Nov/2021:09:14:58 +0000] "GET /v2/appliances?symbol_theme=Classic HTTP/1.1" 200 787912 "-" "GNS3 QT Client v2.2.26"
2021-11-01 16:14:58 INFO web_log.py:206 ::1 [01/Nov/2021:09:14:58 +0000] "GET /v2/templates HTTP/1.1" 200 2501 "-" "GNS3 QT Client v2.2.26"
2021-11-01 16:14:58 INFO web_log.py:206 ::1 [01/Nov/2021:09:14:58 +0000] "GET /v2/appliances?symbol_theme=Classic HTTP/1.1" 200 787912 "-" "GNS3 QT Client v2.2.26"
2021-11-01 16:15:38 INFO notification_handler.py:82 Client has disconnected from controller WebSocket
2021-11-01 16:15:38 INFO web_log.py:206 ::1 [01/Nov/2021:09:15:38 +0000] "GET /v2/templates HTTP/1.1" 200 2501 "-" "GNS3 QT Client v2.2.26"
2021-11-01 16:15:38 INFO web_log.py:206 ::1 [01/Nov/2021:09:15:38 +0000] "GET /v2/appliances?symbol_theme=Classic HTTP/1.1" 200 787912 "-" "GNS3 QT Client v2.2.26"
2021-11-01 16:15:38 INFO web_log.py:206 ::1 [01/Nov/2021:09:15:38 +0000] "GET /v2/computes HTTP/1.1" 200 992 "-" "GNS3 QT Client v2.2.26"
2021-11-01 16:15:40 INFO web_log.py:206 ::1 [01/Nov/2021:09:15:40 +0000] "GET /v2/computes HTTP/1.1" 200 992 "-" "GNS3 QT Client v2.2.26"
2021-11-01 16:15:42 INFO web_log.py:206 ::1 [01/Nov/2021:09:15:42 +0000] "GET /v2/computes HTTP/1.1" 200 992 "-" "GNS3 QT Client v2.2.26"
2021-11-01 16:15:44 INFO web_log.py:206 ::1 [01/Nov/2021:09:15:44 +0000] "GET /v2/computes HTTP/1.1" 200 992 "-" "GNS3 QT Client v2.2.26"
2021-11-01 16:15:46 INFO web_log.py:206 ::1 [01/Nov/2021:09:15:46 +0000] "GET /v2/computes HTTP/1.1" 200 992 "-" "GNS3 QT Client v2.2.26"
2021-11-01 16:15:48 INFO web_log.py:206 ::1 [01/Nov/2021:09:15:48 +0000] "GET /v2/computes HTTP/1.1" 200 992 "-" "GNS3 QT Client v2.2.26"
2021-11-01 16:15:50 WARNING web_server.py:170 Server has got signal SIGINT, exiting...
2021-11-01 16:15:50 INFO web_server.py:113 Closing 1 websocket connections...
2021-11-01 16:15:50 INFO compute.py:460 Connection closed to compute 'local' WebSocket 'http://localhost:3080/v2/compute/notifications/ws'
2021-11-01 16:15:50 INFO notification_handler.py:59 Client has disconnected from compute WebSocket
2021-11-01 16:15:50 INFO __init__.py:138 Controller is stopping
2021-11-01 16:15:50 ERROR base_events.py:1604 Task exception was never retrieved
future: <Task finished coro=<WebServer.shutdown_server() done, defined at gns3-server/gns3server/web/web_server.py:99> exception=CancelledError()>
concurrent.futures._base.CancelledError
2021-11-01 16:15:50 INFO run.py:272 Remove PID file /Users/gazafran/.config/GNS3/2.2/gns3_server.pid
